<?xml version="1.0" encoding="UTF-8"?>
<!-- Generated by org.testng.reporters.JUnitReportReporter -->
<testsuite hostname="Maharshis-MBP.fritz.box" failures="0" tests="1" name="RestAPITest.ComplexJsonParsing" time="2.241" errors="0" timestamp="17 May 2020 15:18:47 GMT" skipped="0">
  <testcase classname="RestAPITest.ComplexJsonParsing" name="TestMockJson" time="2.241"/>
</testsuite> <!-- RestAPITest.ComplexJsonParsing -->
