<?xml version="1.0" encoding="UTF-8"?>
<!-- Generated by org.testng.reporters.JUnitReportReporter -->
<testsuite hostname="Maharshis-MBP.fritz.box" failures="0" tests="1" name="RestAPITest.POSTMethod" time="4.717" errors="0" timestamp="16 May 2020 15:23:49 GMT" skipped="0">
  <testcase classname="RestAPITest.POSTMethod" name="test" time="4.717"/>
</testsuite> <!-- RestAPITest.POSTMethod -->
