<?xml version="1.0" encoding="UTF-8"?>
<!-- Generated by org.testng.reporters.JUnitReportReporter -->
<testsuite hostname="Maharshis-MBP.fritz.box" failures="0" tests="1" name="RestApiTestGetBDD" time="3.048" errors="0" timestamp="08 May 2020 17:34:12 GMT" skipped="0">
  <testcase classname="RestApiTestGetBDD" name="testGet" time="3.048"/>
</testsuite> <!-- RestApiTestGetBDD -->
