<?xml version="1.0" encoding="UTF-8"?>
<!-- Generated by org.testng.reporters.JUnitReportReporter -->
<testsuite hostname="Maharshis-MBP.fritz.box" failures="0" tests="3" name="RestAPILibrary.AddBookMethod" time="4.286" errors="0" timestamp="17 May 2020 18:04:30 GMT" skipped="0">
  <testcase classname="RestAPILibrary.AddBookMethod" name="test" time="0.403"/>
  <testcase classname="RestAPILibrary.AddBookMethod" name="test" time="2.911"/>
  <testcase classname="RestAPILibrary.AddBookMethod" name="test" time="0.972"/>
</testsuite> <!-- RestAPILibrary.AddBookMethod -->
