<?xml version="1.0" encoding="UTF-8"?>
<!-- Generated by org.testng.reporters.JUnitReportReporter -->
<testsuite hostname="Maharshis-MBP.fritz.box" failures="0" tests="2" name="RestPostTestBDD" time="2.742" errors="0" timestamp="15 May 2020 17:04:16 GMT" skipped="0">
  <testcase classname="RestPostTestBDD" name="TestPost" time="0.225"/>
  <testcase classname="RestPostTestBDD" name="TestPost" time="2.517"/>
</testsuite> <!-- RestPostTestBDD -->
