<?xml version="1.0" encoding="UTF-8"?>
<!-- Generated by org.testng.reporters.JUnitReportReporter -->
<testsuite hostname="Maharshis-MBP.fritz.box" failures="0" tests="1" name="RestAPILibrary.DataFromJsonFile" time="2.347" errors="0" timestamp="18 May 2020 11:55:08 GMT" skipped="0">
  <testcase classname="RestAPILibrary.DataFromJsonFile" name="test" time="2.347"/>
</testsuite> <!-- RestAPILibrary.DataFromJsonFile -->
