<?xml version="1.0" encoding="UTF-8"?>
<!-- Generated by org.testng.reporters.JUnitReportReporter -->
<testsuite hostname="Maharshis-MBP.fritz.box" failures="0" tests="1" name="TestGetMethod" time="2.397" errors="0" timestamp="07 May 2020 15:48:42 GMT" skipped="0">
  <testcase classname="TestGetMethod" name="testGet" time="2.397"/>
</testsuite> <!-- TestGetMethod -->
